# JRE version: OpenJDK Runtime Environment (8.0_212-b04) (build 1.8.0_212-release-1586-b04)
# Java VM: OpenJDK 64-Bit Server VM (25.212-b04 mixed mode windows-amd64 compressed oops)
Heap:
 PSYoungGen      total 379904K, used 203208K [0x00000000e0000000, 0x00000000ff980000, 0x0000000100000000)
  eden space 254976K, 72% used [0x00000000e0000000,0x00000000eb59d568,0x00000000ef900000)
  from space 124928K, 13% used [0x00000000ef900000,0x00000000f09d4e10,0x00000000f7300000)
  to   space 122880K, 0% used [0x00000000f8180000,0x00000000f8180000,0x00000000ff980000)
 ParOldGen       total 299008K, used 223902K [0x00000000a0000000, 0x00000000b2400000, 0x00000000e0000000)
  object space 299008K, 74% used [0x00000000a0000000,0x00000000adaa7b98,0x00000000b2400000)
 Metaspace       used 126968K, capacity 132907K, committed 133504K, reserved 1165312K
  class space    used 15683K, capacity 16775K, committed 17024K, reserved 1048576K
GC Heap History (10 events):
Event: 3205.435 GC heap before
{Heap before GC invocations=44 (full 5):
 PSYoungGen      total 380416K, used 265673K [0x00000000e0000000, 0x00000000ffa00000, 0x0000000100000000)
  eden space 250880K, 100% used [0x00000000e0000000,0x00000000ef500000,0x00000000ef500000)
  from space 129536K, 11% used [0x00000000f7b80000,0x00000000f89f2798,0x00000000ffa00000)
  to   space 133632K, 0% used [0x00000000ef500000,0x00000000ef500000,0x00000000f7780000)
 ParOldGen       total 299008K, used 171771K [0x00000000a0000000, 0x00000000b2400000, 0x00000000e0000000)
  object space 299008K, 57% used [0x00000000a0000000,0x00000000aa7befd0,0x00000000b2400000)
 Metaspace       used 121887K, capacity 127806K, committed 128768K, reserved 1161216K
  class space    used 15180K, capacity 16260K, committed 16640K, reserved 1048576K
Event: 3205.652 GC heap after
Heap after GC invocations=44 (full 5):
 PSYoungGen      total 384512K, used 83399K [0x00000000e0000000, 0x0000000100000000, 0x0000000100000000)
  eden space 250880K, 0% used [0x00000000e0000000,0x00000000e0000000,0x00000000ef500000)
  from space 133632K, 62% used [0x00000000ef500000,0x00000000f4671e90,0x00000000f7780000)
  to   space 138240K, 0% used [0x00000000f7900000,0x00000000f7900000,0x0000000100000000)
 ParOldGen       total 299008K, used 182329K [0x00000000a0000000, 0x00000000b2400000, 0x00000000e0000000)
  object space 299008K, 60% used [0x00000000a0000000,0x00000000ab20e700,0x00000000b2400000)
 Metaspace       used 121887K, capacity 127806K, committed 128768K, reserved 1161216K
  class space    used 15180K, capacity 16260K, committed 16640K, reserved 1048576K
}
Event: 3359.103 GC heap before
{Heap before GC invocations=45 (full 5):
 PSYoungGen      total 384512K, used 334279K [0x00000000e0000000, 0x0000000100000000, 0x0000000100000000)
  eden space 250880K, 100% used [0x00000000e0000000,0x00000000ef500000,0x00000000ef500000)
  from space 133632K, 62% used [0x00000000ef500000,0x00000000f4671e90,0x00000000f7780000)
  to   space 138240K, 0% used [0x00000000f7900000,0x00000000f7900000,0x0000000100000000)
 ParOldGen       total 299008K, used 182329K [0x00000000a0000000, 0x00000000b2400000, 0x00000000e0000000)
  object space 299008K, 60% used [0x00000000a0000000,0x00000000ab20e700,0x00000000b2400000)
 Metaspace       used 121997K, capacity 127870K, committed 128768K, reserved 1161216K
  class space    used 15180K, capacity 16260K, committed 16640K, reserved 1048576K
Event: 3359.141 GC heap after
Heap after GC invocations=45 (full 5):
 PSYoungGen      total 387584K, used 19076K [0x00000000e0000000, 0x00000000ffe80000, 0x0000000100000000)
  eden space 250880K, 0% used [0x00000000e0000000,0x00000000e0000000,0x00000000ef500000)
  from space 136704K, 13% used [0x00000000f7900000,0x00000000f8ba1328,0x00000000ffe80000)
  to   space 135168K, 0% used [0x00000000ef500000,0x00000000ef500000,0x00000000f7900000)
 ParOldGen       total 299008K, used 182610K [0x00000000a0000000, 0x00000000b2400000, 0x00000000e0000000)
  object space 299008K, 61% used [0x00000000a0000000,0x00000000ab254b48,0x00000000b2400000)
 Metaspace       used 121997K, capacity 127870K, committed 128768K, reserved 1161216K
  class space    used 15180K, capacity 16260K, committed 16640K, reserved 1048576K
}
Event: 3397.108 GC heap before
{Heap before GC invocations=46 (full 5):
 PSYoungGen      total 387584K, used 269956K [0x00000000e0000000, 0x00000000ffe80000, 0x0000000100000000)
  eden space 250880K, 100% used [0x00000000e0000000,0x00000000ef500000,0x00000000ef500000)
  from space 136704K, 13% used [0x00000000f7900000,0x00000000f8ba1328,0x00000000ffe80000)
  to   space 135168K, 0% used [0x00000000ef500000,0x00000000ef500000,0x00000000f7900000)
 ParOldGen       total 299008K, used 182610K [0x00000000a0000000, 0x00000000b2400000, 0x00000000e0000000)
  object space 299008K, 61% used [0x00000000a0000000,0x00000000ab254b48,0x00000000b2400000)
 Metaspace       used 122128K, capacity 128026K, committed 128768K, reserved 1161216K
  class space    used 15188K, capacity 16274K, committed 16640K, reserved 1048576K
Event: 3397.175 GC heap after
Heap after GC invocations=46 (full 5):
 PSYoungGen      total 302080K, used 50987K [0x00000000e0000000, 0x00000000fef80000, 0x0000000100000000)
  eden space 250880K, 0% used [0x00000000e0000000,0x00000000e0000000,0x00000000ef500000)
  from space 51200K, 99% used [0x00000000ef500000,0x00000000f26cacf8,0x00000000f2700000)
  to   space 127488K, 0% used [0x00000000f7300000,0x00000000f7300000,0x00000000fef80000)
 ParOldGen       total 299008K, used 190743K [0x00000000a0000000, 0x00000000b2400000, 0x00000000e0000000)
  object space 299008K, 63% used [0x00000000a0000000,0x00000000aba45ee0,0x00000000b2400000)
 Metaspace       used 122128K, capacity 128026K, committed 128768K, reserved 1161216K
  class space    used 15188K, capacity 16274K, committed 16640K, reserved 1048576K
}
Event: 3398.128 GC heap before
{Heap before GC invocations=47 (full 5):
 PSYoungGen      total 302080K, used 287612K [0x00000000e0000000, 0x00000000fef80000, 0x0000000100000000)
  eden space 250880K, 94% used [0x00000000e0000000,0x00000000ee7145f0,0x00000000ef500000)
  from space 51200K, 99% used [0x00000000ef500000,0x00000000f26cacf8,0x00000000f2700000)
  to   space 127488K, 0% used [0x00000000f7300000,0x00000000f7300000,0x00000000fef80000)
 ParOldGen       total 299008K, used 190743K [0x00000000a0000000, 0x00000000b2400000, 0x00000000e0000000)
  object space 299008K, 63% used [0x00000000a0000000,0x00000000aba45ee0,0x00000000b2400000)
 Metaspace       used 122183K, capacity 128090K, committed 128768K, reserved 1161216K
  class space    used 15188K, capacity 16274K, committed 16640K, reserved 1048576K
Event: 3398.229 GC heap after
Heap after GC invocations=47 (full 5):
 PSYoungGen      total 382464K, used 62862K [0x00000000e0000000, 0x0000000100000000, 0x0000000100000000)
  eden space 254976K, 0% used [0x00000000e0000000,0x00000000e0000000,0x00000000ef900000)
  from space 127488K, 49% used [0x00000000f7300000,0x00000000fb063a18,0x00000000fef80000)
  to   space 124928K, 0% used [0x00000000ef900000,0x00000000ef900000,0x00000000f7300000)
 ParOldGen       total 299008K, used 222083K [0x00000000a0000000, 0x00000000b2400000, 0x00000000e0000000)
  object space 299008K, 74% used [0x00000000a0000000,0x00000000ad8e0e48,0x00000000b2400000)
 Metaspace       used 122183K, capacity 128090K, committed 128768K, reserved 1161216K
  class space    used 15188K, capacity 16274K, committed 16640K, reserved 1048576K
}
Event: 3716.064 GC heap before
{Heap before GC invocations=48 (full 5):
 PSYoungGen      total 382464K, used 317838K [0x00000000e0000000, 0x0000000100000000, 0x0000000100000000)
  eden space 254976K, 100% used [0x00000000e0000000,0x00000000ef900000,0x00000000ef900000)
  from space 127488K, 49% used [0x00000000f7300000,0x00000000fb063a18,0x00000000fef80000)
  to   space 124928K, 0% used [0x00000000ef900000,0x00000000ef900000,0x00000000f7300000)
 ParOldGen       total 299008K, used 222083K [0x00000000a0000000, 0x00000000b2400000, 0x00000000e0000000)
  object space 299008K, 74% used [0x00000000a0000000,0x00000000ad8e0e48,0x00000000b2400000)
 Metaspace       used 122334K, capacity 128270K, committed 129024K, reserved 1161216K
  class space    used 15192K, capacity 16282K, committed 16640K, reserved 1048576K
Event: 3716.093 GC heap after
Heap after GC invocations=48 (full 5):
 PSYoungGen      total 379904K, used 17235K [0x00000000e0000000, 0x00000000ff980000, 0x0000000100000000)
  eden space 254976K, 0% used [0x00000000e0000000,0x00000000e0000000,0x00000000ef900000)
  from space 124928K, 13% used [0x00000000ef900000,0x00000000f09d4e10,0x00000000f7300000)
  to   space 122880K, 0% used [0x00000000f8180000,0x00000000f8180000,0x00000000ff980000)
 ParOldGen       total 299008K, used 223902K [0x00000000a0000000, 0x00000000b2400000, 0x00000000e0000000)
  object space 299008K, 74% used [0x00000000a0000000,0x00000000adaa7b98,0x00000000b2400000)
 Metaspace       used 122334K, capacity 128270K, committed 129024K, reserved 1161216K
  class space    used 15192K, capacity 16282K, committed 16640K, reserved 1048576K
}

